# JRE version: OpenJDK Runtime Environment (17.0.6) (build 17.0.6+0-b2043.56-9586694)
# Java VM: OpenJDK 64-Bit Server VM (17.0.6+0-b2043.56-9586694, mixed mode, tiered, compressed oops, compressed class ptrs, g1 gc, windows-amd64)
GC Precious Log:
 CPUs: 8 total, 8 available
 Memory: 8030M
 Large Page Support: Disabled
 NUMA Support: Disabled
 Compressed Oops: Enabled (32-bit)
 Heap Region Size: 1M
 Heap Min Capacity: 8M
 Heap Initial Capacity: 126M
 Heap Max Capacity: 2G
 Pre-touch: Disabled
 Parallel Workers: 8
 Concurrent Workers: 2
 Concurrent Refinement Workers: 8
 Periodic GC: Disabled
Heap:
 garbage-first heap   total 367616K, used 206052K [0x0000000080000000, 0x0000000100000000)
  region size 1024K, 2 young (2048K), 2 survivors (2048K)
 Metaspace       used 104358K, committed 105088K, reserved 1146880K
  class space    used 14505K, committed 14848K, reserved 1048576K
GC Heap History (20 events):
Event: 9.516 GC heap after
{Heap after GC invocations=28 (full 0):
 garbage-first heap   total 161792K, used 71495K [0x0000000080000000, 0x0000000100000000)
  region size 1024K, 9 young (9216K), 9 survivors (9216K)
 Metaspace       used 81791K, committed 82368K, reserved 1122304K
  class space    used 11156K, committed 11456K, reserved 1048576K
}
Event: 10.162 GC heap before
{Heap before GC invocations=28 (full 0):
 garbage-first heap   total 161792K, used 123719K [0x0000000080000000, 0x0000000100000000)
  region size 1024K, 61 young (62464K), 9 survivors (9216K)
 Metaspace       used 84229K, committed 84864K, reserved 1122304K
  class space    used 11635K, committed 11904K, reserved 1048576K
}
Event: 10.174 GC heap after
{Heap after GC invocations=29 (full 0):
 garbage-first heap   total 161792K, used 76690K [0x0000000080000000, 0x0000000100000000)
  region size 1024K, 5 young (5120K), 5 survivors (5120K)
 Metaspace       used 84229K, committed 84864K, reserved 1122304K
  class space    used 11635K, committed 11904K, reserved 1048576K
}
Event: 10.706 GC heap before
{Heap before GC invocations=29 (full 0):
 garbage-first heap   total 161792K, used 125842K [0x0000000080000000, 0x0000000100000000)
  region size 1024K, 54 young (55296K), 5 survivors (5120K)
 Metaspace       used 84887K, committed 85504K, reserved 1130496K
  class space    used 11690K, committed 11968K, reserved 1048576K
}
Event: 10.712 GC heap after
{Heap after GC invocations=30 (full 0):
 garbage-first heap   total 161792K, used 80964K [0x0000000080000000, 0x0000000100000000)
  region size 1024K, 5 young (5120K), 5 survivors (5120K)
 Metaspace       used 84887K, committed 85504K, reserved 1130496K
  class space    used 11690K, committed 11968K, reserved 1048576K
}
Event: 11.207 GC heap before
{Heap before GC invocations=30 (full 0):
 garbage-first heap   total 161792K, used 128068K [0x0000000080000000, 0x0000000100000000)
  region size 1024K, 52 young (53248K), 5 survivors (5120K)
 Metaspace       used 87831K, committed 88448K, reserved 1130496K
  class space    used 12045K, committed 12352K, reserved 1048576K
}
Event: 11.214 GC heap after
{Heap after GC invocations=31 (full 0):
 garbage-first heap   total 161792K, used 84281K [0x0000000080000000, 0x0000000100000000)
  region size 1024K, 4 young (4096K), 4 survivors (4096K)
 Metaspace       used 87831K, committed 88448K, reserved 1130496K
  class space    used 12045K, committed 12352K, reserved 1048576K
}
Event: 11.595 GC heap before
{Heap before GC invocations=32 (full 0):
 garbage-first heap   total 162816K, used 130361K [0x0000000080000000, 0x0000000100000000)
  region size 1024K, 50 young (51200K), 4 survivors (4096K)
 Metaspace       used 89809K, committed 90368K, reserved 1130496K
  class space    used 12284K, committed 12544K, reserved 1048576K
}
Event: 11.601 GC heap after
{Heap after GC invocations=33 (full 0):
 garbage-first heap   total 162816K, used 87664K [0x0000000080000000, 0x0000000100000000)
  region size 1024K, 7 young (7168K), 7 survivors (7168K)
 Metaspace       used 89809K, committed 90368K, reserved 1130496K
  class space    used 12284K, committed 12544K, reserved 1048576K
}
Event: 11.604 GC heap before
{Heap before GC invocations=33 (full 0):
 garbage-first heap   total 162816K, used 88688K [0x0000000080000000, 0x0000000100000000)
  region size 1024K, 8 young (8192K), 7 survivors (7168K)
 Metaspace       used 89829K, committed 90432K, reserved 1130496K
  class space    used 12287K, committed 12544K, reserved 1048576K
}
Event: 11.610 GC heap after
{Heap after GC invocations=34 (full 0):
 garbage-first heap   total 325632K, used 87164K [0x0000000080000000, 0x0000000100000000)
  region size 1024K, 1 young (1024K), 1 survivors (1024K)
 Metaspace       used 89829K, committed 90432K, reserved 1130496K
  class space    used 12287K, committed 12544K, reserved 1048576K
}
Event: 12.511 GC heap before
{Heap before GC invocations=34 (full 0):
 garbage-first heap   total 325632K, used 300156K [0x0000000080000000, 0x0000000100000000)
  region size 1024K, 165 young (168960K), 1 survivors (1024K)
 Metaspace       used 96828K, committed 97536K, reserved 1138688K
  class space    used 13278K, committed 13632K, reserved 1048576K
}
Event: 12.536 GC heap after
{Heap after GC invocations=35 (full 0):
 garbage-first heap   total 331776K, used 141736K [0x0000000080000000, 0x0000000100000000)
  region size 1024K, 21 young (21504K), 21 survivors (21504K)
 Metaspace       used 96828K, committed 97536K, reserved 1138688K
  class space    used 13278K, committed 13632K, reserved 1048576K
}
Event: 13.045 GC heap before
{Heap before GC invocations=35 (full 0):
 garbage-first heap   total 331776K, used 245160K [0x0000000080000000, 0x0000000100000000)
  region size 1024K, 121 young (123904K), 21 survivors (21504K)
 Metaspace       used 99602K, committed 100288K, reserved 1138688K
  class space    used 13832K, committed 14144K, reserved 1048576K
}
Event: 13.102 GC heap after
{Heap after GC invocations=36 (full 0):
 garbage-first heap   total 331776K, used 188320K [0x0000000080000000, 0x0000000100000000)
  region size 1024K, 16 young (16384K), 16 survivors (16384K)
 Metaspace       used 99602K, committed 100288K, reserved 1138688K
  class space    used 13832K, committed 14144K, reserved 1048576K
}
Event: 13.816 GC heap before
{Heap before GC invocations=36 (full 0):
 garbage-first heap   total 331776K, used 249760K [0x0000000080000000, 0x0000000100000000)
  region size 1024K, 77 young (78848K), 16 survivors (16384K)
 Metaspace       used 103345K, committed 104064K, reserved 1138688K
  class space    used 14380K, committed 14720K, reserved 1048576K
}
Event: 13.846 GC heap after
{Heap after GC invocations=37 (full 0):
 garbage-first heap   total 331776K, used 200192K [0x0000000080000000, 0x0000000100000000)
  region size 1024K, 10 young (10240K), 10 survivors (10240K)
 Metaspace       used 103345K, committed 104064K, reserved 1138688K
  class space    used 14380K, committed 14720K, reserved 1048576K
}
Event: 14.539 GC heap before
{Heap before GC invocations=38 (full 0):
 garbage-first heap   total 367616K, used 258560K [0x0000000080000000, 0x0000000100000000)
  region size 1024K, 66 young (67584K), 10 survivors (10240K)
 Metaspace       used 103825K, committed 104576K, reserved 1138688K
  class space    used 14443K, committed 14784K, reserved 1048576K
}
Event: 14.553 GC heap after
{Heap after GC invocations=39 (full 0):
 garbage-first heap   total 367616K, used 208702K [0x0000000080000000, 0x0000000100000000)
  region size 1024K, 6 young (6144K), 6 survivors (6144K)
 Metaspace       used 103825K, committed 104576K, reserved 1138688K
  class space    used 14443K, committed 14784K, reserved 1048576K
}
Event: 14.749 GC heap before
{Heap before GC invocations=39 (full 0):
 garbage-first heap   total 367616K, used 218942K [0x0000000080000000, 0x0000000100000000)
  region size 1024K, 17 young (17408K), 6 survivors (6144K)
 Metaspace       used 104358K, committed 105088K, reserved 1146880K
  class space    used 14505K, committed 14848K, reserved 1048576K
}

