# JRE version: OpenJDK Runtime Environment (17.0.6) (build 17.0.6+0-b2043.56-9586694)
# Java VM: OpenJDK 64-Bit Server VM (17.0.6+0-b2043.56-9586694, mixed mode, tiered, compressed oops, compressed class ptrs, g1 gc, windows-amd64)
GC Precious Log:
 CPUs: 8 total, 8 available
 Memory: 8030M
 Large Page Support: Disabled
 NUMA Support: Disabled
 Compressed Oops: Enabled (32-bit)
 Heap Region Size: 1M
 Heap Min Capacity: 8M
 Heap Initial Capacity: 126M
 Heap Max Capacity: 2G
 Pre-touch: Disabled
 Parallel Workers: 8
 Concurrent Workers: 2
 Concurrent Refinement Workers: 8
 Periodic GC: Disabled
Heap:
 garbage-first heap   total 459776K, used 163975K [0x0000000080000000, 0x0000000100000000)
  region size 1024K, 3 young (3072K), 3 survivors (3072K)
 Metaspace       used 140861K, committed 142336K, reserved 1179648K
  class space    used 18536K, committed 19200K, reserved 1048576K
GC Heap History (20 events):
Event: 4473.055 GC heap after
{Heap after GC invocations=77 (full 0):
 garbage-first heap   total 451584K, used 319224K [0x0000000080000000, 0x0000000100000000)
  region size 1024K, 10 young (10240K), 10 survivors (10240K)
 Metaspace       used 136131K, committed 137536K, reserved 1171456K
  class space    used 18122K, committed 18752K, reserved 1048576K
}
Event: 4473.940 GC heap before
{Heap before GC invocations=77 (full 0):
 garbage-first heap   total 451584K, used 385784K [0x0000000080000000, 0x0000000100000000)
  region size 1024K, 68 young (69632K), 10 survivors (10240K)
 Metaspace       used 136388K, committed 137792K, reserved 1171456K
  class space    used 18132K, committed 18816K, reserved 1048576K
}
Event: 4473.963 GC heap after
{Heap after GC invocations=78 (full 0):
 garbage-first heap   total 451584K, used 337287K [0x0000000080000000, 0x0000000100000000)
  region size 1024K, 9 young (9216K), 9 survivors (9216K)
 Metaspace       used 136388K, committed 137792K, reserved 1171456K
  class space    used 18132K, committed 18816K, reserved 1048576K
}
Event: 4474.289 GC heap before
{Heap before GC invocations=78 (full 0):
 garbage-first heap   total 451584K, used 394631K [0x0000000080000000, 0x0000000100000000)
  region size 1024K, 51 young (52224K), 9 survivors (9216K)
 Metaspace       used 138555K, committed 139968K, reserved 1171456K
  class space    used 18327K, committed 19008K, reserved 1048576K
}
Event: 4474.303 GC heap after
{Heap after GC invocations=79 (full 0):
 garbage-first heap   total 451584K, used 345841K [0x0000000080000000, 0x0000000100000000)
  region size 1024K, 7 young (7168K), 7 survivors (7168K)
 Metaspace       used 138555K, committed 139968K, reserved 1171456K
  class space    used 18327K, committed 19008K, reserved 1048576K
}
Event: 4474.518 GC heap before
{Heap before GC invocations=79 (full 0):
 garbage-first heap   total 451584K, used 382705K [0x0000000080000000, 0x0000000100000000)
  region size 1024K, 44 young (45056K), 7 survivors (7168K)
 Metaspace       used 138801K, committed 140224K, reserved 1171456K
  class space    used 18329K, committed 19008K, reserved 1048576K
}
Event: 4474.523 GC heap after
{Heap after GC invocations=80 (full 0):
 garbage-first heap   total 451584K, used 348334K [0x0000000080000000, 0x0000000100000000)
  region size 1024K, 3 young (3072K), 3 survivors (3072K)
 Metaspace       used 138801K, committed 140224K, reserved 1171456K
  class space    used 18329K, committed 19008K, reserved 1048576K
}
Event: 4474.772 GC heap before
{Heap before GC invocations=80 (full 0):
 garbage-first heap   total 451584K, used 386222K [0x0000000080000000, 0x0000000100000000)
  region size 1024K, 41 young (41984K), 3 survivors (3072K)
 Metaspace       used 139088K, committed 140480K, reserved 1171456K
  class space    used 18342K, committed 19008K, reserved 1048576K
}
Event: 4474.779 GC heap after
{Heap after GC invocations=81 (full 0):
 garbage-first heap   total 451584K, used 351369K [0x0000000080000000, 0x0000000100000000)
  region size 1024K, 6 young (6144K), 6 survivors (6144K)
 Metaspace       used 139088K, committed 140480K, reserved 1171456K
  class space    used 18342K, committed 19008K, reserved 1048576K
}
Event: 4475.070 GC heap before
{Heap before GC invocations=81 (full 0):
 garbage-first heap   total 451584K, used 387209K [0x0000000080000000, 0x0000000100000000)
  region size 1024K, 42 young (43008K), 6 survivors (6144K)
 Metaspace       used 139968K, committed 141312K, reserved 1179648K
  class space    used 18441K, committed 19072K, reserved 1048576K
}
Event: 4475.075 GC heap after
{Heap after GC invocations=82 (full 0):
 garbage-first heap   total 451584K, used 350480K [0x0000000080000000, 0x0000000100000000)
  region size 1024K, 1 young (1024K), 1 survivors (1024K)
 Metaspace       used 139968K, committed 141312K, reserved 1179648K
  class space    used 18441K, committed 19072K, reserved 1048576K
}
Event: 4475.152 GC heap before
{Heap before GC invocations=82 (full 0):
 garbage-first heap   total 451584K, used 353552K [0x0000000080000000, 0x0000000100000000)
  region size 1024K, 5 young (5120K), 1 survivors (1024K)
 Metaspace       used 140210K, committed 141568K, reserved 1179648K
  class space    used 18469K, committed 19136K, reserved 1048576K
}
Event: 4475.159 GC heap after
{Heap after GC invocations=83 (full 0):
 garbage-first heap   total 451584K, used 350236K [0x0000000080000000, 0x0000000100000000)
  region size 1024K, 1 young (1024K), 1 survivors (1024K)
 Metaspace       used 140210K, committed 141568K, reserved 1179648K
  class space    used 18469K, committed 19136K, reserved 1048576K
}
Event: 4475.650 GC heap before
{Heap before GC invocations=84 (full 0):
 garbage-first heap   total 459776K, used 325388K [0x0000000080000000, 0x0000000100000000)
  region size 1024K, 43 young (44032K), 1 survivors (1024K)
 Metaspace       used 140853K, committed 142336K, reserved 1179648K
  class space    used 18535K, committed 19200K, reserved 1048576K
}
Event: 4475.658 GC heap after
{Heap after GC invocations=85 (full 0):
 garbage-first heap   total 459776K, used 283113K [0x0000000080000000, 0x0000000100000000)
  region size 1024K, 6 young (6144K), 6 survivors (6144K)
 Metaspace       used 140853K, committed 142336K, reserved 1179648K
  class space    used 18535K, committed 19200K, reserved 1048576K
}
Event: 4475.701 GC heap before
{Heap before GC invocations=85 (full 0):
 garbage-first heap   total 459776K, used 312809K [0x0000000080000000, 0x0000000100000000)
  region size 1024K, 22 young (22528K), 6 survivors (6144K)
 Metaspace       used 140853K, committed 142336K, reserved 1179648K
  class space    used 18535K, committed 19200K, reserved 1048576K
}
Event: 4475.713 GC heap after
{Heap after GC invocations=86 (full 0):
 garbage-first heap   total 459776K, used 247469K [0x0000000080000000, 0x0000000100000000)
  region size 1024K, 3 young (3072K), 3 survivors (3072K)
 Metaspace       used 140853K, committed 142336K, reserved 1179648K
  class space    used 18535K, committed 19200K, reserved 1048576K
}
Event: 4475.755 GC heap before
{Heap before GC invocations=86 (full 0):
 garbage-first heap   total 459776K, used 266925K [0x0000000080000000, 0x0000000100000000)
  region size 1024K, 22 young (22528K), 3 survivors (3072K)
 Metaspace       used 140856K, committed 142336K, reserved 1179648K
  class space    used 18536K, committed 19200K, reserved 1048576K
}
Event: 4475.769 GC heap after
{Heap after GC invocations=87 (full 0):
 garbage-first heap   total 459776K, used 207580K [0x0000000080000000, 0x0000000100000000)
  region size 1024K, 3 young (3072K), 3 survivors (3072K)
 Metaspace       used 140856K, committed 142336K, reserved 1179648K
  class space    used 18536K, committed 19200K, reserved 1048576K
}
Event: 4475.814 GC heap before
{Heap before GC invocations=87 (full 0):
 garbage-first heap   total 459776K, used 228060K [0x0000000080000000, 0x0000000100000000)
  region size 1024K, 22 young (22528K), 3 survivors (3072K)
 Metaspace       used 140861K, committed 142336K, reserved 1179648K
  class space    used 18536K, committed 19200K, reserved 1048576K
}

