# JRE version: OpenJDK Runtime Environment (17.0.6) (build 17.0.6+0-b2043.56-9586694)
# Java VM: OpenJDK 64-Bit Server VM (17.0.6+0-b2043.56-9586694, mixed mode, tiered, compressed oops, compressed class ptrs, g1 gc, windows-amd64)
GC Precious Log:
 CPUs: 8 total, 8 available
 Memory: 8030M
 Large Page Support: Disabled
 NUMA Support: Disabled
 Compressed Oops: Enabled (32-bit)
 Heap Region Size: 1M
 Heap Min Capacity: 8M
 Heap Initial Capacity: 126M
 Heap Max Capacity: 2G
 Pre-touch: Disabled
 Parallel Workers: 8
 Concurrent Workers: 2
 Concurrent Refinement Workers: 8
 Periodic GC: Disabled
Heap:
 garbage-first heap   total 351232K, used 123986K [0x0000000080000000, 0x0000000100000000)
  region size 1024K, 11 young (11264K), 11 survivors (11264K)
 Metaspace       used 130511K, committed 131840K, reserved 1163264K
  class space    used 17499K, committed 18112K, reserved 1048576K
GC Heap History (20 events):
Event: 615.874 GC heap after
{Heap after GC invocations=53 (full 0):
 garbage-first heap   total 351232K, used 118249K [0x0000000080000000, 0x0000000100000000)
  region size 1024K, 2 young (2048K), 2 survivors (2048K)
 Metaspace       used 124524K, committed 125440K, reserved 1163264K
  class space    used 16906K, committed 17344K, reserved 1048576K
}
Event: 653.938 GC heap before
{Heap before GC invocations=53 (full 0):
 garbage-first heap   total 351232K, used 227817K [0x0000000080000000, 0x0000000100000000)
  region size 1024K, 109 young (111616K), 2 survivors (2048K)
 Metaspace       used 124978K, committed 125888K, reserved 1163264K
  class space    used 16921K, committed 17344K, reserved 1048576K
}
Event: 653.948 GC heap after
{Heap after GC invocations=54 (full 0):
 garbage-first heap   total 351232K, used 123702K [0x0000000080000000, 0x0000000100000000)
  region size 1024K, 8 young (8192K), 8 survivors (8192K)
 Metaspace       used 124978K, committed 125888K, reserved 1163264K
  class space    used 16921K, committed 17344K, reserved 1048576K
}
Event: 1122.564 GC heap before
{Heap before GC invocations=55 (full 0):
 garbage-first heap   total 351232K, used 237385K [0x0000000080000000, 0x0000000100000000)
  region size 1024K, 121 young (123904K), 8 survivors (8192K)
 Metaspace       used 125904K, committed 127168K, reserved 1163264K
  class space    used 17099K, committed 17664K, reserved 1048576K
}
Event: 1122.579 GC heap after
{Heap after GC invocations=56 (full 0):
 garbage-first heap   total 351232K, used 120164K [0x0000000080000000, 0x0000000100000000)
  region size 1024K, 6 young (6144K), 6 survivors (6144K)
 Metaspace       used 125904K, committed 127168K, reserved 1163264K
  class space    used 17099K, committed 17664K, reserved 1048576K
}
Event: 1122.696 GC heap before
{Heap before GC invocations=56 (full 0):
 garbage-first heap   total 351232K, used 130404K [0x0000000080000000, 0x0000000100000000)
  region size 1024K, 17 young (17408K), 6 survivors (6144K)
 Metaspace       used 125956K, committed 127232K, reserved 1163264K
  class space    used 17099K, committed 17664K, reserved 1048576K
}
Event: 1122.720 GC heap after
{Heap after GC invocations=57 (full 0):
 garbage-first heap   total 351232K, used 116134K [0x0000000080000000, 0x0000000100000000)
  region size 1024K, 3 young (3072K), 3 survivors (3072K)
 Metaspace       used 125956K, committed 127232K, reserved 1163264K
  class space    used 17099K, committed 17664K, reserved 1048576K
}
Event: 1122.862 GC heap before
{Heap before GC invocations=57 (full 0):
 garbage-first heap   total 351232K, used 125350K [0x0000000080000000, 0x0000000100000000)
  region size 1024K, 13 young (13312K), 3 survivors (3072K)
 Metaspace       used 126137K, committed 127424K, reserved 1163264K
  class space    used 17125K, committed 17728K, reserved 1048576K
}
Event: 1122.881 GC heap after
{Heap after GC invocations=58 (full 0):
 garbage-first heap   total 351232K, used 117158K [0x0000000080000000, 0x0000000100000000)
  region size 1024K, 4 young (4096K), 4 survivors (4096K)
 Metaspace       used 126137K, committed 127424K, reserved 1163264K
  class space    used 17125K, committed 17728K, reserved 1048576K
}
Event: 1222.948 GC heap before
{Heap before GC invocations=59 (full 0):
 garbage-first heap   total 351232K, used 269734K [0x0000000080000000, 0x0000000100000000)
  region size 1024K, 139 young (142336K), 4 survivors (4096K)
 Metaspace       used 129629K, committed 130944K, reserved 1163264K
  class space    used 17488K, committed 18112K, reserved 1048576K
}
Event: 1222.970 GC heap after
{Heap after GC invocations=60 (full 0):
 garbage-first heap   total 351232K, used 125798K [0x0000000080000000, 0x0000000100000000)
  region size 1024K, 15 young (15360K), 15 survivors (15360K)
 Metaspace       used 129629K, committed 130944K, reserved 1163264K
  class space    used 17488K, committed 18112K, reserved 1048576K
}
Event: 1222.977 GC heap before
{Heap before GC invocations=60 (full 0):
 garbage-first heap   total 351232K, used 127846K [0x0000000080000000, 0x0000000100000000)
  region size 1024K, 17 young (17408K), 15 survivors (15360K)
 Metaspace       used 129629K, committed 130944K, reserved 1163264K
  class space    used 17488K, committed 18112K, reserved 1048576K
}
Event: 1222.997 GC heap after
{Heap after GC invocations=61 (full 0):
 garbage-first heap   total 351232K, used 120963K [0x0000000080000000, 0x0000000100000000)
  region size 1024K, 2 young (2048K), 2 survivors (2048K)
 Metaspace       used 129629K, committed 130944K, reserved 1163264K
  class space    used 17488K, committed 18112K, reserved 1048576K
}
Event: 1223.209 GC heap before
{Heap before GC invocations=61 (full 0):
 garbage-first heap   total 351232K, used 151683K [0x0000000080000000, 0x0000000100000000)
  region size 1024K, 34 young (34816K), 2 survivors (2048K)
 Metaspace       used 129712K, committed 131072K, reserved 1163264K
  class space    used 17491K, committed 18112K, reserved 1048576K
}
Event: 1223.213 GC heap after
{Heap after GC invocations=62 (full 0):
 garbage-first heap   total 351232K, used 123945K [0x0000000080000000, 0x0000000100000000)
  region size 1024K, 5 young (5120K), 5 survivors (5120K)
 Metaspace       used 129712K, committed 131072K, reserved 1163264K
  class space    used 17491K, committed 18112K, reserved 1048576K
}
Event: 1271.782 GC heap before
{Heap before GC invocations=63 (full 0):
 garbage-first heap   total 351232K, used 259113K [0x0000000080000000, 0x0000000100000000)
  region size 1024K, 125 young (128000K), 5 survivors (5120K)
 Metaspace       used 130193K, committed 131520K, reserved 1163264K
  class space    used 17496K, committed 18112K, reserved 1048576K
}
Event: 1271.786 GC heap after
{Heap after GC invocations=64 (full 0):
 garbage-first heap   total 351232K, used 124965K [0x0000000080000000, 0x0000000100000000)
  region size 1024K, 4 young (4096K), 4 survivors (4096K)
 Metaspace       used 130193K, committed 131520K, reserved 1163264K
  class space    used 17496K, committed 18112K, reserved 1048576K
}
Event: 1271.882 GC heap before
{Heap before GC invocations=64 (full 0):
 garbage-first heap   total 351232K, used 137253K [0x0000000080000000, 0x0000000100000000)
  region size 1024K, 17 young (17408K), 4 survivors (4096K)
 Metaspace       used 130203K, committed 131520K, reserved 1163264K
  class space    used 17496K, committed 18112K, reserved 1048576K
}
Event: 1271.890 GC heap after
{Heap after GC invocations=65 (full 0):
 garbage-first heap   total 351232K, used 114077K [0x0000000080000000, 0x0000000100000000)
  region size 1024K, 2 young (2048K), 2 survivors (2048K)
 Metaspace       used 130203K, committed 131520K, reserved 1163264K
  class space    used 17496K, committed 18112K, reserved 1048576K
}
Event: 1740.200 GC heap before
{Heap before GC invocations=65 (full 0):
 garbage-first heap   total 351232K, used 253341K [0x0000000080000000, 0x0000000100000000)
  region size 1024K, 139 young (142336K), 2 survivors (2048K)
 Metaspace       used 130511K, committed 131840K, reserved 1163264K
  class space    used 17499K, committed 18112K, reserved 1048576K
}

