# JRE version: OpenJDK Runtime Environment (17.0.6) (build 17.0.6+0-b2043.56-9586694)
# Java VM: OpenJDK 64-Bit Server VM (17.0.6+0-b2043.56-9586694, mixed mode, tiered, compressed oops, compressed class ptrs, g1 gc, windows-amd64)
GC Precious Log:
 CPUs: 8 total, 8 available
 Memory: 8030M
 Large Page Support: Disabled
 NUMA Support: Disabled
 Compressed Oops: Enabled (32-bit)
 Heap Region Size: 1M
 Heap Min Capacity: 8M
 Heap Initial Capacity: 126M
 Heap Max Capacity: 2G
 Pre-touch: Disabled
 Parallel Workers: 8
 Concurrent Workers: 2
 Concurrent Refinement Workers: 8
 Periodic GC: Disabled
Heap:
 garbage-first heap   total 294912K, used 223744K [0x0000000080000000, 0x0000000100000000)
  region size 1024K, 5 young (5120K), 5 survivors (5120K)
 Metaspace       used 111549K, committed 112320K, reserved 1146880K
  class space    used 14997K, committed 15360K, reserved 1048576K
GC Heap History (20 events):
Event: 33.277 GC heap after
{Heap after GC invocations=34 (full 0):
 garbage-first heap   total 147456K, used 80449K [0x0000000080000000, 0x0000000100000000)
  region size 1024K, 1 young (1024K), 1 survivors (1024K)
 Metaspace       used 87044K, committed 87680K, reserved 1130496K
  class space    used 11931K, committed 12224K, reserved 1048576K
}
Event: 33.633 GC heap before
{Heap before GC invocations=34 (full 0):
 garbage-first heap   total 147456K, used 118337K [0x0000000080000000, 0x0000000100000000)
  region size 1024K, 39 young (39936K), 1 survivors (1024K)
 Metaspace       used 88251K, committed 88960K, reserved 1130496K
  class space    used 12068K, committed 12352K, reserved 1048576K
}
Event: 33.638 GC heap after
{Heap after GC invocations=35 (full 0):
 garbage-first heap   total 147456K, used 82597K [0x0000000080000000, 0x0000000100000000)
  region size 1024K, 3 young (3072K), 3 survivors (3072K)
 Metaspace       used 88251K, committed 88960K, reserved 1130496K
  class space    used 12068K, committed 12352K, reserved 1048576K
}
Event: 34.212 GC heap before
{Heap before GC invocations=36 (full 0):
 garbage-first heap   total 147456K, used 122533K [0x0000000080000000, 0x0000000100000000)
  region size 1024K, 40 young (40960K), 3 survivors (3072K)
 Metaspace       used 90395K, committed 91136K, reserved 1130496K
  class space    used 12299K, committed 12672K, reserved 1048576K
}
Event: 34.221 GC heap after
{Heap after GC invocations=37 (full 0):
 garbage-first heap   total 147456K, used 95287K [0x0000000080000000, 0x0000000100000000)
  region size 1024K, 5 young (5120K), 5 survivors (5120K)
 Metaspace       used 90395K, committed 91136K, reserved 1130496K
  class space    used 12299K, committed 12672K, reserved 1048576K
}
Event: 34.233 GC heap before
{Heap before GC invocations=37 (full 0):
 garbage-first heap   total 147456K, used 96311K [0x0000000080000000, 0x0000000100000000)
  region size 1024K, 7 young (7168K), 5 survivors (5120K)
 Metaspace       used 90395K, committed 91136K, reserved 1130496K
  class space    used 12299K, committed 12672K, reserved 1048576K
}
Event: 34.239 GC heap after
{Heap after GC invocations=38 (full 0):
 garbage-first heap   total 294912K, used 96125K [0x0000000080000000, 0x0000000100000000)
  region size 1024K, 1 young (1024K), 1 survivors (1024K)
 Metaspace       used 90395K, committed 91136K, reserved 1130496K
  class space    used 12299K, committed 12672K, reserved 1048576K
}
Event: 35.688 GC heap before
{Heap before GC invocations=38 (full 0):
 garbage-first heap   total 294912K, used 247677K [0x0000000080000000, 0x0000000100000000)
  region size 1024K, 127 young (130048K), 1 survivors (1024K)
 Metaspace       used 94691K, committed 95360K, reserved 1138688K
  class space    used 12662K, committed 12992K, reserved 1048576K
}
Event: 35.703 GC heap after
{Heap after GC invocations=39 (full 0):
 garbage-first heap   total 294912K, used 114604K [0x0000000080000000, 0x0000000100000000)
  region size 1024K, 16 young (16384K), 16 survivors (16384K)
 Metaspace       used 94691K, committed 95360K, reserved 1138688K
  class space    used 12662K, committed 12992K, reserved 1048576K
}
Event: 36.425 GC heap before
{Heap before GC invocations=39 (full 0):
 garbage-first heap   total 294912K, used 214956K [0x0000000080000000, 0x0000000100000000)
  region size 1024K, 115 young (117760K), 16 survivors (16384K)
 Metaspace       used 97172K, committed 97920K, reserved 1138688K
  class space    used 12909K, committed 13248K, reserved 1048576K
}
Event: 36.436 GC heap after
{Heap after GC invocations=40 (full 0):
 garbage-first heap   total 294912K, used 114964K [0x0000000080000000, 0x0000000100000000)
  region size 1024K, 5 young (5120K), 5 survivors (5120K)
 Metaspace       used 97172K, committed 97920K, reserved 1138688K
  class space    used 12909K, committed 13248K, reserved 1048576K
}
Event: 37.755 GC heap before
{Heap before GC invocations=40 (full 0):
 garbage-first heap   total 294912K, used 223508K [0x0000000080000000, 0x0000000100000000)
  region size 1024K, 112 young (114688K), 5 survivors (5120K)
 Metaspace       used 103550K, committed 104192K, reserved 1146880K
  class space    used 13742K, committed 14016K, reserved 1048576K
}
Event: 37.764 GC heap after
{Heap after GC invocations=41 (full 0):
 garbage-first heap   total 294912K, used 121505K [0x0000000080000000, 0x0000000100000000)
  region size 1024K, 11 young (11264K), 11 survivors (11264K)
 Metaspace       used 103550K, committed 104192K, reserved 1146880K
  class space    used 13742K, committed 14016K, reserved 1048576K
}
Event: 38.329 GC heap before
{Heap before GC invocations=41 (full 0):
 garbage-first heap   total 294912K, used 263841K [0x0000000080000000, 0x0000000100000000)
  region size 1024K, 119 young (121856K), 11 survivors (11264K)
 Metaspace       used 107819K, committed 108608K, reserved 1146880K
  class space    used 14311K, committed 14656K, reserved 1048576K
}
Event: 38.349 GC heap after
{Heap after GC invocations=42 (full 0):
 garbage-first heap   total 294912K, used 159922K [0x0000000080000000, 0x0000000100000000)
  region size 1024K, 15 young (15360K), 15 survivors (15360K)
 Metaspace       used 107819K, committed 108608K, reserved 1146880K
  class space    used 14311K, committed 14656K, reserved 1048576K
}
Event: 38.765 GC heap before
{Heap before GC invocations=42 (full 0):
 garbage-first heap   total 294912K, used 250034K [0x0000000080000000, 0x0000000100000000)
  region size 1024K, 92 young (94208K), 15 survivors (15360K)
 Metaspace       used 108763K, committed 109504K, reserved 1146880K
  class space    used 14440K, committed 14784K, reserved 1048576K
}
Event: 38.788 GC heap after
{Heap after GC invocations=43 (full 0):
 garbage-first heap   total 294912K, used 179392K [0x0000000080000000, 0x0000000100000000)
  region size 1024K, 12 young (12288K), 12 survivors (12288K)
 Metaspace       used 108763K, committed 109504K, reserved 1146880K
  class space    used 14440K, committed 14784K, reserved 1048576K
}
Event: 39.110 GC heap before
{Heap before GC invocations=43 (full 0):
 garbage-first heap   total 294912K, used 236736K [0x0000000080000000, 0x0000000100000000)
  region size 1024K, 68 young (69632K), 12 survivors (12288K)
 Metaspace       used 111482K, committed 112256K, reserved 1146880K
  class space    used 14997K, committed 15360K, reserved 1048576K
}
Event: 39.140 GC heap after
{Heap after GC invocations=44 (full 0):
 garbage-first heap   total 294912K, used 205416K [0x0000000080000000, 0x0000000100000000)
  region size 1024K, 9 young (9216K), 9 survivors (9216K)
 Metaspace       used 111482K, committed 112256K, reserved 1146880K
  class space    used 14997K, committed 15360K, reserved 1048576K
}
Event: 39.205 GC heap before
{Heap before GC invocations=44 (full 0):
 garbage-first heap   total 294912K, used 236136K [0x0000000080000000, 0x0000000100000000)
  region size 1024K, 40 young (40960K), 9 survivors (9216K)
 Metaspace       used 111549K, committed 112320K, reserved 1146880K
  class space    used 14997K, committed 15360K, reserved 1048576K
}

