# JRE version: OpenJDK Runtime Environment (17.0.6) (build 17.0.6+0-b2043.56-9586694)
# Java VM: OpenJDK 64-Bit Server VM (17.0.6+0-b2043.56-9586694, mixed mode, tiered, compressed oops, compressed class ptrs, g1 gc, windows-amd64)
GC Precious Log:
 CPUs: 8 total, 8 available
 Memory: 8030M
 Large Page Support: Disabled
 NUMA Support: Disabled
 Compressed Oops: Enabled (32-bit)
 Heap Region Size: 1M
 Heap Min Capacity: 8M
 Heap Initial Capacity: 126M
 Heap Max Capacity: 2G
 Pre-touch: Disabled
 Parallel Workers: 8
 Concurrent Workers: 2
 Concurrent Refinement Workers: 8
 Periodic GC: Disabled
Heap:
 garbage-first heap   total 368640K, used 123932K [0x0000000080000000, 0x0000000100000000)
  region size 1024K, 4 young (4096K), 4 survivors (4096K)
 Metaspace       used 134876K, committed 135744K, reserved 1171456K
  class space    used 18330K, committed 18752K, reserved 1048576K
GC Heap History (20 events):
Event: 828.336 GC heap after
{Heap after GC invocations=43 (full 0):
 garbage-first heap   total 368640K, used 120250K [0x0000000080000000, 0x0000000100000000)
  region size 1024K, 3 young (3072K), 3 survivors (3072K)
 Metaspace       used 100813K, committed 101504K, reserved 1138688K
  class space    used 13544K, committed 13888K, reserved 1048576K
}
Event: 828.372 GC heap before
{Heap before GC invocations=43 (full 0):
 garbage-first heap   total 368640K, used 122298K [0x0000000080000000, 0x0000000100000000)
  region size 1024K, 7 young (7168K), 3 survivors (3072K)
 Metaspace       used 100828K, committed 101504K, reserved 1138688K
  class space    used 13544K, committed 13888K, reserved 1048576K
}
Event: 828.375 GC heap after
{Heap after GC invocations=44 (full 0):
 garbage-first heap   total 368640K, used 120826K [0x0000000080000000, 0x0000000100000000)
  region size 1024K, 4 young (4096K), 4 survivors (4096K)
 Metaspace       used 100828K, committed 101504K, reserved 1138688K
  class space    used 13544K, committed 13888K, reserved 1048576K
}
Event: 829.279 GC heap before
{Heap before GC invocations=45 (full 0):
 garbage-first heap   total 368640K, used 235514K [0x0000000080000000, 0x0000000100000000)
  region size 1024K, 94 young (96256K), 4 survivors (4096K)
 Metaspace       used 103803K, committed 104512K, reserved 1146880K
  class space    used 13811K, committed 14144K, reserved 1048576K
}
Event: 829.289 GC heap after
{Heap after GC invocations=46 (full 0):
 garbage-first heap   total 368640K, used 129400K [0x0000000080000000, 0x0000000100000000)
  region size 1024K, 12 young (12288K), 12 survivors (12288K)
 Metaspace       used 103803K, committed 104512K, reserved 1146880K
  class space    used 13811K, committed 14144K, reserved 1048576K
}
Event: 829.344 GC heap before
{Heap before GC invocations=46 (full 0):
 garbage-first heap   total 368640K, used 134520K [0x0000000080000000, 0x0000000100000000)
  region size 1024K, 18 young (18432K), 12 survivors (12288K)
 Metaspace       used 104412K, committed 105088K, reserved 1146880K
  class space    used 13860K, committed 14208K, reserved 1048576K
}
Event: 829.354 GC heap after
{Heap after GC invocations=47 (full 0):
 garbage-first heap   total 368640K, used 127788K [0x0000000080000000, 0x0000000100000000)
  region size 1024K, 3 young (3072K), 3 survivors (3072K)
 Metaspace       used 104412K, committed 105088K, reserved 1146880K
  class space    used 13860K, committed 14208K, reserved 1048576K
}
Event: 831.382 GC heap before
{Heap before GC invocations=47 (full 0):
 garbage-first heap   total 368640K, used 226092K [0x0000000080000000, 0x0000000100000000)
  region size 1024K, 100 young (102400K), 3 survivors (3072K)
 Metaspace       used 108131K, committed 108800K, reserved 1146880K
  class space    used 14333K, committed 14656K, reserved 1048576K
}
Event: 831.390 GC heap after
{Heap after GC invocations=48 (full 0):
 garbage-first heap   total 368640K, used 136283K [0x0000000080000000, 0x0000000100000000)
  region size 1024K, 11 young (11264K), 11 survivors (11264K)
 Metaspace       used 108131K, committed 108800K, reserved 1146880K
  class space    used 14333K, committed 14656K, reserved 1048576K
}
Event: 833.235 GC heap before
{Heap before GC invocations=49 (full 0):
 garbage-first heap   total 368640K, used 240731K [0x0000000080000000, 0x0000000100000000)
  region size 1024K, 113 young (115712K), 11 survivors (11264K)
 Metaspace       used 116213K, committed 116992K, reserved 1155072K
  class space    used 15269K, committed 15616K, reserved 1048576K
}
Event: 833.242 GC heap after
{Heap after GC invocations=50 (full 0):
 garbage-first heap   total 368640K, used 135278K [0x0000000080000000, 0x0000000100000000)
  region size 1024K, 3 young (3072K), 3 survivors (3072K)
 Metaspace       used 116213K, committed 116992K, reserved 1155072K
  class space    used 15269K, committed 15616K, reserved 1048576K
}
Event: 833.373 GC heap before
{Heap before GC invocations=50 (full 0):
 garbage-first heap   total 368640K, used 151662K [0x0000000080000000, 0x0000000100000000)
  region size 1024K, 18 young (18432K), 3 survivors (3072K)
 Metaspace       used 117345K, committed 118144K, reserved 1155072K
  class space    used 15444K, committed 15808K, reserved 1048576K
}
Event: 833.380 GC heap after
{Heap after GC invocations=51 (full 0):
 garbage-first heap   total 368640K, used 114039K [0x0000000080000000, 0x0000000100000000)
  region size 1024K, 2 young (2048K), 2 survivors (2048K)
 Metaspace       used 117345K, committed 118144K, reserved 1155072K
  class space    used 15444K, committed 15808K, reserved 1048576K
}
Event: 834.468 GC heap before
{Heap before GC invocations=51 (full 0):
 garbage-first heap   total 368640K, used 233847K [0x0000000080000000, 0x0000000100000000)
  region size 1024K, 121 young (123904K), 2 survivors (2048K)
 Metaspace       used 132239K, committed 133056K, reserved 1171456K
  class space    used 17911K, committed 18304K, reserved 1048576K
}
Event: 834.477 GC heap after
{Heap after GC invocations=52 (full 0):
 garbage-first heap   total 368640K, used 122059K [0x0000000080000000, 0x0000000100000000)
  region size 1024K, 10 young (10240K), 10 survivors (10240K)
 Metaspace       used 132239K, committed 133056K, reserved 1171456K
  class space    used 17911K, committed 18304K, reserved 1048576K
}
Event: 900.219 GC heap before
{Heap before GC invocations=53 (full 0):
 garbage-first heap   total 368640K, used 286923K [0x0000000080000000, 0x0000000100000000)
  region size 1024K, 140 young (143360K), 10 survivors (10240K)
 Metaspace       used 134836K, committed 135744K, reserved 1171456K
  class space    used 18330K, committed 18752K, reserved 1048576K
}
Event: 900.229 GC heap after
{Heap after GC invocations=54 (full 0):
 garbage-first heap   total 368640K, used 125163K [0x0000000080000000, 0x0000000100000000)
  region size 1024K, 13 young (13312K), 13 survivors (13312K)
 Metaspace       used 134836K, committed 135744K, reserved 1171456K
  class space    used 18330K, committed 18752K, reserved 1048576K
}
Event: 900.247 GC heap before
{Heap before GC invocations=54 (full 0):
 garbage-first heap   total 368640K, used 130283K [0x0000000080000000, 0x0000000100000000)
  region size 1024K, 18 young (18432K), 13 survivors (13312K)
 Metaspace       used 134845K, committed 135744K, reserved 1171456K
  class space    used 18330K, committed 18752K, reserved 1048576K
}
Event: 900.257 GC heap after
{Heap after GC invocations=55 (full 0):
 garbage-first heap   total 368640K, used 122627K [0x0000000080000000, 0x0000000100000000)
  region size 1024K, 3 young (3072K), 3 survivors (3072K)
 Metaspace       used 134845K, committed 135744K, reserved 1171456K
  class space    used 18330K, committed 18752K, reserved 1048576K
}
Event: 900.422 GC heap before
{Heap before GC invocations=55 (full 0):
 garbage-first heap   total 368640K, used 146179K [0x0000000080000000, 0x0000000100000000)
  region size 1024K, 28 young (28672K), 3 survivors (3072K)
 Metaspace       used 134876K, committed 135744K, reserved 1171456K
  class space    used 18330K, committed 18752K, reserved 1048576K
}

