# JRE version: OpenJDK Runtime Environment (17.0.6) (build 17.0.6+0-b2043.56-9586694)
# Java VM: OpenJDK 64-Bit Server VM (17.0.6+0-b2043.56-9586694, mixed mode, tiered, compressed oops, compressed class ptrs, g1 gc, windows-amd64)
GC Precious Log:
 CPUs: 8 total, 8 available
 Memory: 8030M
 Large Page Support: Disabled
 NUMA Support: Disabled
 Compressed Oops: Enabled (32-bit)
 Heap Region Size: 1M
 Heap Min Capacity: 8M
 Heap Initial Capacity: 126M
 Heap Max Capacity: 2G
 Pre-touch: Disabled
 Parallel Workers: 8
 Concurrent Workers: 2
 Concurrent Refinement Workers: 8
 Periodic GC: Disabled
Heap:
 garbage-first heap   total 259072K, used 135758K [0x0000000080000000, 0x0000000100000000)
  region size 1024K, 5 young (5120K), 5 survivors (5120K)
 Metaspace       used 129801K, committed 130624K, reserved 1163264K
  class space    used 17448K, committed 17856K, reserved 1048576K
GC Heap History (20 events):
Event: 9.304 GC heap after
{Heap after GC invocations=33 (full 0):
 garbage-first heap   total 253952K, used 72715K [0x0000000080000000, 0x0000000100000000)
  region size 1024K, 1 young (1024K), 1 survivors (1024K)
 Metaspace       used 82738K, committed 83328K, reserved 1122304K
  class space    used 11352K, committed 11648K, reserved 1048576K
}
Event: 10.853 GC heap before
{Heap before GC invocations=33 (full 0):
 garbage-first heap   total 253952K, used 192523K [0x0000000080000000, 0x0000000100000000)
  region size 1024K, 119 young (121856K), 1 survivors (1024K)
 Metaspace       used 91392K, committed 92032K, reserved 1130496K
  class space    used 12500K, committed 12800K, reserved 1048576K
}
Event: 10.861 GC heap after
{Heap after GC invocations=34 (full 0):
 garbage-first heap   total 253952K, used 79537K [0x0000000080000000, 0x0000000100000000)
  region size 1024K, 8 young (8192K), 8 survivors (8192K)
 Metaspace       used 91392K, committed 92032K, reserved 1130496K
  class space    used 12500K, committed 12800K, reserved 1048576K
}
Event: 13.060 GC heap before
{Heap before GC invocations=34 (full 0):
 garbage-first heap   total 253952K, used 191153K [0x0000000080000000, 0x0000000100000000)
  region size 1024K, 118 young (120832K), 8 survivors (8192K)
 Metaspace       used 94818K, committed 95488K, reserved 1138688K
  class space    used 12918K, committed 13248K, reserved 1048576K
}
Event: 13.072 GC heap after
{Heap after GC invocations=35 (full 0):
 garbage-first heap   total 253952K, used 89051K [0x0000000080000000, 0x0000000100000000)
  region size 1024K, 15 young (15360K), 15 survivors (15360K)
 Metaspace       used 94818K, committed 95488K, reserved 1138688K
  class space    used 12918K, committed 13248K, reserved 1048576K
}
Event: 14.175 GC heap before
{Heap before GC invocations=35 (full 0):
 garbage-first heap   total 253952K, used 197595K [0x0000000080000000, 0x0000000100000000)
  region size 1024K, 120 young (122880K), 15 survivors (15360K)
 Metaspace       used 103527K, committed 104192K, reserved 1146880K
  class space    used 13993K, committed 14272K, reserved 1048576K
}
Event: 14.193 GC heap after
{Heap after GC invocations=36 (full 0):
 garbage-first heap   total 253952K, used 105283K [0x0000000080000000, 0x0000000100000000)
  region size 1024K, 15 young (15360K), 15 survivors (15360K)
 Metaspace       used 103527K, committed 104192K, reserved 1146880K
  class space    used 13993K, committed 14272K, reserved 1048576K
}
Event: 15.413 GC heap before
{Heap before GC invocations=36 (full 0):
 garbage-first heap   total 253952K, used 198467K [0x0000000080000000, 0x0000000100000000)
  region size 1024K, 107 young (109568K), 15 survivors (15360K)
 Metaspace       used 113607K, committed 114304K, reserved 1155072K
  class space    used 15336K, committed 15616K, reserved 1048576K
}
Event: 15.420 GC heap after
{Heap after GC invocations=37 (full 0):
 garbage-first heap   total 253952K, used 101336K [0x0000000080000000, 0x0000000100000000)
  region size 1024K, 7 young (7168K), 7 survivors (7168K)
 Metaspace       used 113607K, committed 114304K, reserved 1155072K
  class space    used 15336K, committed 15616K, reserved 1048576K
}
Event: 29.975 GC heap before
{Heap before GC invocations=38 (full 0):
 garbage-first heap   total 253952K, used 211928K [0x0000000080000000, 0x0000000100000000)
  region size 1024K, 105 young (107520K), 7 survivors (7168K)
 Metaspace       used 122722K, committed 123520K, reserved 1155072K
  class space    used 16819K, committed 17216K, reserved 1048576K
}
Event: 29.985 GC heap after
{Heap after GC invocations=39 (full 0):
 garbage-first heap   total 253952K, used 103743K [0x0000000080000000, 0x0000000100000000)
  region size 1024K, 9 young (9216K), 9 survivors (9216K)
 Metaspace       used 122722K, committed 123520K, reserved 1155072K
  class space    used 16819K, committed 17216K, reserved 1048576K
}
Event: 30.011 GC heap before
{Heap before GC invocations=39 (full 0):
 garbage-first heap   total 253952K, used 105791K [0x0000000080000000, 0x0000000100000000)
  region size 1024K, 12 young (12288K), 9 survivors (9216K)
 Metaspace       used 122737K, committed 123520K, reserved 1155072K
  class space    used 16819K, committed 17216K, reserved 1048576K
}
Event: 30.016 GC heap after
{Heap after GC invocations=40 (full 0):
 garbage-first heap   total 253952K, used 104237K [0x0000000080000000, 0x0000000100000000)
  region size 1024K, 2 young (2048K), 2 survivors (2048K)
 Metaspace       used 122737K, committed 123520K, reserved 1155072K
  class space    used 16819K, committed 17216K, reserved 1048576K
}
Event: 31.067 GC heap before
{Heap before GC invocations=40 (full 0):
 garbage-first heap   total 253952K, used 167725K [0x0000000080000000, 0x0000000100000000)
  region size 1024K, 66 young (67584K), 2 survivors (2048K)
 Metaspace       used 125439K, committed 126336K, reserved 1163264K
  class space    used 17094K, committed 17536K, reserved 1048576K
}
Event: 31.078 GC heap after
{Heap after GC invocations=41 (full 0):
 garbage-first heap   total 253952K, used 115517K [0x0000000080000000, 0x0000000100000000)
  region size 1024K, 13 young (13312K), 13 survivors (13312K)
 Metaspace       used 125439K, committed 126336K, reserved 1163264K
  class space    used 17094K, committed 17536K, reserved 1048576K
}
Event: 32.219 GC heap before
{Heap before GC invocations=42 (full 0):
 garbage-first heap   total 253952K, used 226109K [0x0000000080000000, 0x0000000100000000)
  region size 1024K, 96 young (98304K), 13 survivors (13312K)
 Metaspace       used 126239K, committed 127104K, reserved 1163264K
  class space    used 17149K, committed 17536K, reserved 1048576K
}
Event: 32.238 GC heap after
{Heap after GC invocations=43 (full 0):
 garbage-first heap   total 259072K, used 134517K [0x0000000080000000, 0x0000000100000000)
  region size 1024K, 12 young (12288K), 12 survivors (12288K)
 Metaspace       used 126239K, committed 127104K, reserved 1163264K
  class space    used 17149K, committed 17536K, reserved 1048576K
}
Event: 32.242 GC heap before
{Heap before GC invocations=43 (full 0):
 garbage-first heap   total 259072K, used 135541K [0x0000000080000000, 0x0000000100000000)
  region size 1024K, 13 young (13312K), 12 survivors (12288K)
 Metaspace       used 126239K, committed 127104K, reserved 1163264K
  class space    used 17149K, committed 17536K, reserved 1048576K
}
Event: 32.252 GC heap after
{Heap after GC invocations=44 (full 0):
 garbage-first heap   total 259072K, used 132962K [0x0000000080000000, 0x0000000100000000)
  region size 1024K, 2 young (2048K), 2 survivors (2048K)
 Metaspace       used 126239K, committed 127104K, reserved 1163264K
  class space    used 17149K, committed 17536K, reserved 1048576K
}
Event: 32.696 GC heap before
{Heap before GC invocations=44 (full 0):
 garbage-first heap   total 259072K, used 202594K [0x0000000080000000, 0x0000000100000000)
  region size 1024K, 71 young (72704K), 2 survivors (2048K)
 Metaspace       used 129801K, committed 130624K, reserved 1163264K
  class space    used 17448K, committed 17856K, reserved 1048576K
}

