# JRE version: OpenJDK Runtime Environment (17.0.6) (build 17.0.6+0-b2043.56-9586694)
# Java VM: OpenJDK 64-Bit Server VM (17.0.6+0-b2043.56-9586694, mixed mode, tiered, compressed oops, compressed class ptrs, g1 gc, windows-amd64)
GC Precious Log:
 CPUs: 8 total, 8 available
 Memory: 8030M
 Large Page Support: Disabled
 NUMA Support: Disabled
 Compressed Oops: Enabled (32-bit)
 Heap Region Size: 1M
 Heap Min Capacity: 8M
 Heap Initial Capacity: 126M
 Heap Max Capacity: 2G
 Pre-touch: Disabled
 Parallel Workers: 8
 Concurrent Workers: 2
 Concurrent Refinement Workers: 8
 Periodic GC: Disabled
Heap:
 garbage-first heap   total 256000K, used 197451K [0x0000000080000000, 0x0000000100000000)
  region size 1024K, 3 young (3072K), 3 survivors (3072K)
 Metaspace       used 100342K, committed 101056K, reserved 1138688K
  class space    used 13923K, committed 14272K, reserved 1048576K
GC Heap History (20 events):
Event: 10.517 GC heap after
{Heap after GC invocations=29 (full 0):
 garbage-first heap   total 122880K, used 65065K [0x0000000080000000, 0x0000000100000000)
  region size 1024K, 6 young (6144K), 6 survivors (6144K)
 Metaspace       used 81342K, committed 81984K, reserved 1122304K
  class space    used 11089K, committed 11392K, reserved 1048576K
}
Event: 10.534 GC heap before
{Heap before GC invocations=29 (full 0):
 garbage-first heap   total 122880K, used 66089K [0x0000000080000000, 0x0000000100000000)
  region size 1024K, 7 young (7168K), 6 survivors (6144K)
 Metaspace       used 81469K, committed 82048K, reserved 1122304K
  class space    used 11102K, committed 11392K, reserved 1048576K
}
Event: 10.539 GC heap after
{Heap after GC invocations=30 (full 0):
 garbage-first heap   total 122880K, used 65451K [0x0000000080000000, 0x0000000100000000)
  region size 1024K, 1 young (1024K), 1 survivors (1024K)
 Metaspace       used 81469K, committed 82048K, reserved 1122304K
  class space    used 11102K, committed 11392K, reserved 1048576K
}
Event: 10.853 GC heap before
{Heap before GC invocations=30 (full 0):
 garbage-first heap   total 122880K, used 99243K [0x0000000080000000, 0x0000000100000000)
  region size 1024K, 34 young (34816K), 1 survivors (1024K)
 Metaspace       used 81622K, committed 82240K, reserved 1122304K
  class space    used 11116K, committed 11392K, reserved 1048576K
}
Event: 10.859 GC heap after
{Heap after GC invocations=31 (full 0):
 garbage-first heap   total 122880K, used 70402K [0x0000000080000000, 0x0000000100000000)
  region size 1024K, 5 young (5120K), 5 survivors (5120K)
 Metaspace       used 81622K, committed 82240K, reserved 1122304K
  class space    used 11116K, committed 11392K, reserved 1048576K
}
Event: 11.482 GC heap before
{Heap before GC invocations=32 (full 0):
 garbage-first heap   total 128000K, used 99074K [0x0000000080000000, 0x0000000100000000)
  region size 1024K, 33 young (33792K), 5 survivors (5120K)
 Metaspace       used 83941K, committed 84544K, reserved 1122304K
  class space    used 11602K, committed 11904K, reserved 1048576K
}
Event: 11.491 GC heap after
{Heap after GC invocations=33 (full 0):
 garbage-first heap   total 128000K, used 73642K [0x0000000080000000, 0x0000000100000000)
  region size 1024K, 4 young (4096K), 4 survivors (4096K)
 Metaspace       used 83941K, committed 84544K, reserved 1122304K
  class space    used 11602K, committed 11904K, reserved 1048576K
}
Event: 11.518 GC heap before
{Heap before GC invocations=33 (full 0):
 garbage-first heap   total 128000K, used 75690K [0x0000000080000000, 0x0000000100000000)
  region size 1024K, 6 young (6144K), 4 survivors (4096K)
 Metaspace       used 84008K, committed 84672K, reserved 1122304K
  class space    used 11617K, committed 11904K, reserved 1048576K
}
Event: 11.526 GC heap after
{Heap after GC invocations=34 (full 0):
 garbage-first heap   total 256000K, used 74160K [0x0000000080000000, 0x0000000100000000)
  region size 1024K, 1 young (1024K), 1 survivors (1024K)
 Metaspace       used 84008K, committed 84672K, reserved 1122304K
  class space    used 11617K, committed 11904K, reserved 1048576K
}
Event: 12.769 GC heap before
{Heap before GC invocations=34 (full 0):
 garbage-first heap   total 256000K, used 188848K [0x0000000080000000, 0x0000000100000000)
  region size 1024K, 114 young (116736K), 1 survivors (1024K)
 Metaspace       used 87037K, committed 87680K, reserved 1130496K
  class space    used 11908K, committed 12224K, reserved 1048576K
}
Event: 12.779 GC heap after
{Heap after GC invocations=35 (full 0):
 garbage-first heap   total 256000K, used 81645K [0x0000000080000000, 0x0000000100000000)
  region size 1024K, 9 young (9216K), 9 survivors (9216K)
 Metaspace       used 87037K, committed 87680K, reserved 1130496K
  class space    used 11908K, committed 12224K, reserved 1048576K
}
Event: 13.477 GC heap before
{Heap before GC invocations=35 (full 0):
 garbage-first heap   total 256000K, used 207597K [0x0000000080000000, 0x0000000100000000)
  region size 1024K, 95 young (97280K), 9 survivors (9216K)
 Metaspace       used 93909K, committed 94528K, reserved 1138688K
  class space    used 12849K, committed 13120K, reserved 1048576K
}
Event: 13.488 GC heap after
{Heap after GC invocations=36 (full 0):
 garbage-first heap   total 256000K, used 121608K [0x0000000080000000, 0x0000000100000000)
  region size 1024K, 12 young (12288K), 12 survivors (12288K)
 Metaspace       used 93909K, committed 94528K, reserved 1138688K
  class space    used 12849K, committed 13120K, reserved 1048576K
}
Event: 14.095 GC heap before
{Heap before GC invocations=36 (full 0):
 garbage-first heap   total 256000K, used 206600K [0x0000000080000000, 0x0000000100000000)
  region size 1024K, 91 young (93184K), 12 survivors (12288K)
 Metaspace       used 97628K, committed 98304K, reserved 1138688K
  class space    used 13560K, committed 13888K, reserved 1048576K
}
Event: 14.127 GC heap after
{Heap after GC invocations=37 (full 0):
 garbage-first heap   total 256000K, used 146781K [0x0000000080000000, 0x0000000100000000)
  region size 1024K, 12 young (12288K), 12 survivors (12288K)
 Metaspace       used 97628K, committed 98304K, reserved 1138688K
  class space    used 13560K, committed 13888K, reserved 1048576K
}
Event: 14.298 GC heap before
{Heap before GC invocations=37 (full 0):
 garbage-first heap   total 256000K, used 199005K [0x0000000080000000, 0x0000000100000000)
  region size 1024K, 63 young (64512K), 12 survivors (12288K)
 Metaspace       used 97817K, committed 98496K, reserved 1138688K
  class space    used 13561K, committed 13888K, reserved 1048576K
}
Event: 14.336 GC heap after
{Heap after GC invocations=38 (full 0):
 garbage-first heap   total 256000K, used 173952K [0x0000000080000000, 0x0000000100000000)
  region size 1024K, 8 young (8192K), 8 survivors (8192K)
 Metaspace       used 97817K, committed 98496K, reserved 1138688K
  class space    used 13561K, committed 13888K, reserved 1048576K
}
Event: 14.434 GC heap before
{Heap before GC invocations=38 (full 0):
 garbage-first heap   total 256000K, used 202624K [0x0000000080000000, 0x0000000100000000)
  region size 1024K, 37 young (37888K), 8 survivors (8192K)
 Metaspace       used 97820K, committed 98496K, reserved 1138688K
  class space    used 13561K, committed 13888K, reserved 1048576K
}
Event: 14.459 GC heap after
{Heap after GC invocations=39 (full 0):
 garbage-first heap   total 256000K, used 190336K [0x0000000080000000, 0x0000000100000000)
  region size 1024K, 5 young (5120K), 5 survivors (5120K)
 Metaspace       used 97820K, committed 98496K, reserved 1138688K
  class space    used 13561K, committed 13888K, reserved 1048576K
}
Event: 14.769 GC heap before
{Heap before GC invocations=39 (full 0):
 garbage-first heap   total 256000K, used 209792K [0x0000000080000000, 0x0000000100000000)
  region size 1024K, 24 young (24576K), 5 survivors (5120K)
 Metaspace       used 100342K, committed 101056K, reserved 1138688K
  class space    used 13923K, committed 14272K, reserved 1048576K
}

