# JRE version: OpenJDK Runtime Environment (17.0.6) (build 17.0.6+0-b2043.56-9586694)
# Java VM: OpenJDK 64-Bit Server VM (17.0.6+0-b2043.56-9586694, mixed mode, tiered, compressed oops, compressed class ptrs, g1 gc, windows-amd64)
GC Precious Log:
 CPUs: 8 total, 8 available
 Memory: 8030M
 Large Page Support: Disabled
 NUMA Support: Disabled
 Compressed Oops: Enabled (32-bit)
 Heap Region Size: 1M
 Heap Min Capacity: 8M
 Heap Initial Capacity: 126M
 Heap Max Capacity: 2G
 Pre-touch: Disabled
 Parallel Workers: 8
 Concurrent Workers: 2
 Concurrent Refinement Workers: 8
 Periodic GC: Disabled
Heap:
 garbage-first heap   total 358400K, used 221696K [0x0000000080000000, 0x0000000100000000)
  region size 1024K, 16 young (16384K), 12 survivors (12288K)
 Metaspace       used 113171K, committed 113920K, reserved 1155072K
  class space    used 15331K, committed 15680K, reserved 1048576K
GC Heap History (20 events):
Event: 10.467 GC heap before
{Heap before GC invocations=27 (full 0):
 garbage-first heap   total 188416K, used 141650K [0x0000000080000000, 0x0000000100000000)
  region size 1024K, 75 young (76800K), 9 survivors (9216K)
 Metaspace       used 87926K, committed 88576K, reserved 1130496K
  class space    used 12035K, committed 12352K, reserved 1048576K
}
Event: 10.478 GC heap after
{Heap after GC invocations=28 (full 0):
 garbage-first heap   total 188416K, used 81875K [0x0000000080000000, 0x0000000100000000)
  region size 1024K, 7 young (7168K), 7 survivors (7168K)
 Metaspace       used 87926K, committed 88576K, reserved 1130496K
  class space    used 12035K, committed 12352K, reserved 1048576K
}
Event: 11.018 GC heap before
{Heap before GC invocations=28 (full 0):
 garbage-first heap   total 188416K, used 135123K [0x0000000080000000, 0x0000000100000000)
  region size 1024K, 52 young (53248K), 7 survivors (7168K)
 Metaspace       used 88658K, committed 89280K, reserved 1130496K
  class space    used 12097K, committed 12416K, reserved 1048576K
}
Event: 11.031 GC heap after
{Heap after GC invocations=29 (full 0):
 garbage-first heap   total 188416K, used 101187K [0x0000000080000000, 0x0000000100000000)
  region size 1024K, 9 young (9216K), 9 survivors (9216K)
 Metaspace       used 88658K, committed 89280K, reserved 1130496K
  class space    used 12097K, committed 12416K, reserved 1048576K
}
Event: 11.784 GC heap before
{Heap before GC invocations=30 (full 0):
 garbage-first heap   total 188416K, used 158531K [0x0000000080000000, 0x0000000100000000)
  region size 1024K, 49 young (50176K), 9 survivors (9216K)
 Metaspace       used 89311K, committed 89984K, reserved 1130496K
  class space    used 12163K, committed 12480K, reserved 1048576K
}
Event: 11.793 GC heap after
{Heap after GC invocations=31 (full 0):
 garbage-first heap   total 188416K, used 105478K [0x0000000080000000, 0x0000000100000000)
  region size 1024K, 5 young (5120K), 5 survivors (5120K)
 Metaspace       used 89311K, committed 89984K, reserved 1130496K
  class space    used 12163K, committed 12480K, reserved 1048576K
}
Event: 11.807 GC heap before
{Heap before GC invocations=31 (full 0):
 garbage-first heap   total 188416K, used 109574K [0x0000000080000000, 0x0000000100000000)
  region size 1024K, 9 young (9216K), 5 survivors (5120K)
 Metaspace       used 89342K, committed 89984K, reserved 1130496K
  class space    used 12165K, committed 12480K, reserved 1048576K
}
Event: 11.813 GC heap after
{Heap after GC invocations=32 (full 0):
 garbage-first heap   total 188416K, used 107010K [0x0000000080000000, 0x0000000100000000)
  region size 1024K, 2 young (2048K), 2 survivors (2048K)
 Metaspace       used 89342K, committed 89984K, reserved 1130496K
  class space    used 12165K, committed 12480K, reserved 1048576K
}
Event: 12.168 GC heap before
{Heap before GC invocations=32 (full 0):
 garbage-first heap   total 188416K, used 144898K [0x0000000080000000, 0x0000000100000000)
  region size 1024K, 40 young (40960K), 2 survivors (2048K)
 Metaspace       used 92903K, committed 93568K, reserved 1130496K
  class space    used 12497K, committed 12800K, reserved 1048576K
}
Event: 12.174 GC heap after
{Heap after GC invocations=33 (full 0):
 garbage-first heap   total 188416K, used 111584K [0x0000000080000000, 0x0000000100000000)
  region size 1024K, 5 young (5120K), 5 survivors (5120K)
 Metaspace       used 92903K, committed 93568K, reserved 1130496K
  class space    used 12497K, committed 12800K, reserved 1048576K
}
Event: 12.456 GC heap before
{Heap before GC invocations=34 (full 0):
 garbage-first heap   total 188416K, used 136160K [0x0000000080000000, 0x0000000100000000)
  region size 1024K, 42 young (43008K), 5 survivors (5120K)
 Metaspace       used 93482K, committed 94080K, reserved 1130496K
  class space    used 12537K, committed 12800K, reserved 1048576K
}
Event: 12.461 GC heap after
{Heap after GC invocations=35 (full 0):
 garbage-first heap   total 188416K, used 101252K [0x0000000080000000, 0x0000000100000000)
  region size 1024K, 3 young (3072K), 3 survivors (3072K)
 Metaspace       used 93482K, committed 94080K, reserved 1130496K
  class space    used 12537K, committed 12800K, reserved 1048576K
}
Event: 12.488 GC heap before
{Heap before GC invocations=35 (full 0):
 garbage-first heap   total 188416K, used 107396K [0x0000000080000000, 0x0000000100000000)
  region size 1024K, 9 young (9216K), 3 survivors (3072K)
 Metaspace       used 93736K, committed 94400K, reserved 1130496K
  class space    used 12562K, committed 12864K, reserved 1048576K
}
Event: 12.493 GC heap after
{Heap after GC invocations=36 (full 0):
 garbage-first heap   total 358400K, used 92567K [0x0000000080000000, 0x0000000100000000)
  region size 1024K, 1 young (1024K), 1 survivors (1024K)
 Metaspace       used 93736K, committed 94400K, reserved 1130496K
  class space    used 12562K, committed 12864K, reserved 1048576K
}
Event: 13.902 GC heap before
{Heap before GC invocations=36 (full 0):
 garbage-first heap   total 358400K, used 255383K [0x0000000080000000, 0x0000000100000000)
  region size 1024K, 161 young (164864K), 1 survivors (1024K)
 Metaspace       used 101219K, committed 101888K, reserved 1138688K
  class space    used 13515K, committed 13824K, reserved 1048576K
}
Event: 13.911 GC heap after
{Heap after GC invocations=37 (full 0):
 garbage-first heap   total 358400K, used 100999K [0x0000000080000000, 0x0000000100000000)
  region size 1024K, 10 young (10240K), 10 survivors (10240K)
 Metaspace       used 101219K, committed 101888K, reserved 1138688K
  class space    used 13515K, committed 13824K, reserved 1048576K
}
Event: 14.932 GC heap before
{Heap before GC invocations=37 (full 0):
 garbage-first heap   total 358400K, used 309895K [0x0000000080000000, 0x0000000100000000)
  region size 1024K, 173 young (177152K), 10 survivors (10240K)
 Metaspace       used 106829K, committed 107520K, reserved 1146880K
  class space    used 14255K, committed 14592K, reserved 1048576K
}
Event: 14.953 GC heap after
{Heap after GC invocations=38 (full 0):
 garbage-first heap   total 358400K, used 149246K [0x0000000080000000, 0x0000000100000000)
  region size 1024K, 22 young (22528K), 22 survivors (22528K)
 Metaspace       used 106829K, committed 107520K, reserved 1146880K
  class space    used 14255K, committed 14592K, reserved 1048576K
}
Event: 15.780 GC heap before
{Heap before GC invocations=38 (full 0):
 garbage-first heap   total 358400K, used 277246K [0x0000000080000000, 0x0000000100000000)
  region size 1024K, 144 young (147456K), 22 survivors (22528K)
 Metaspace       used 109743K, committed 110464K, reserved 1146880K
  class space    used 14827K, committed 15168K, reserved 1048576K
}
Event: 15.844 GC heap after
{Heap after GC invocations=39 (full 0):
 garbage-first heap   total 358400K, used 195714K [0x0000000080000000, 0x0000000100000000)
  region size 1024K, 18 young (18432K), 18 survivors (18432K)
 Metaspace       used 109743K, committed 110464K, reserved 1146880K
  class space    used 14827K, committed 15168K, reserved 1048576K
}

